Searching for include files...
Searching for example files...
Searching for images...
Searching for dot files...
Searching for msc files...
Searching for files to exclude
Searching for files in directory /home/travis/build/PaulSchweizer/tinypipeline/code_docs/tinypipeline/.git
Searching for files in directory /home/travis/build/PaulSchweizer/tinypipeline/code_docs/tinypipeline/.git/branches
Searching for files in directory /home/travis/build/PaulSchweizer/tinypipeline/code_docs/tinypipeline/.git/hooks
Searching for files in directory /home/travis/build/PaulSchweizer/tinypipeline/code_docs/tinypipeline/.git/info
Searching for files in directory /home/travis/build/PaulSchweizer/tinypipeline/code_docs/tinypipeline/.git/logs
Searching for files in directory /home/travis/build/PaulSchweizer/tinypipeline/code_docs/tinypipeline/.git/logs/refs
Searching for files in directory /home/travis/build/PaulSchweizer/tinypipeline/code_docs/tinypipeline/.git/logs/refs/heads
Searching for files in directory /home/travis/build/PaulSchweizer/tinypipeline/code_docs/tinypipeline/.git/logs/refs/remotes
Searching for files in directory /home/travis/build/PaulSchweizer/tinypipeline/code_docs/tinypipeline/.git/logs/refs/remotes/origin
Searching for files in directory /home/travis/build/PaulSchweizer/tinypipeline/code_docs/tinypipeline/.git/objects
Searching for files in directory /home/travis/build/PaulSchweizer/tinypipeline/code_docs/tinypipeline/.git/objects/00
Searching for files in directory /home/travis/build/PaulSchweizer/tinypipeline/code_docs/tinypipeline/.git/objects/08
Searching for files in directory /home/travis/build/PaulSchweizer/tinypipeline/code_docs/tinypipeline/.git/objects/0a
Searching for files in directory /home/travis/build/PaulSchweizer/tinypipeline/code_docs/tinypipeline/.git/objects/10
Searching for files in directory /home/travis/build/PaulSchweizer/tinypipeline/code_docs/tinypipeline/.git/objects/18
Searching for files in directory /home/travis/build/PaulSchweizer/tinypipeline/code_docs/tinypipeline/.git/objects/20
Searching for files in directory /home/travis/build/PaulSchweizer/tinypipeline/code_docs/tinypipeline/.git/objects/24
Searching for files in directory /home/travis/build/PaulSchweizer/tinypipeline/code_docs/tinypipeline/.git/objects/29
Searching for files in directory /home/travis/build/PaulSchweizer/tinypipeline/code_docs/tinypipeline/.git/objects/2c
Searching for files in directory /home/travis/build/PaulSchweizer/tinypipeline/code_docs/tinypipeline/.git/objects/39
Searching for files in directory /home/travis/build/PaulSchweizer/tinypipeline/code_docs/tinypipeline/.git/objects/44
Searching for files in directory /home/travis/build/PaulSchweizer/tinypipeline/code_docs/tinypipeline/.git/objects/47
Searching for files in directory /home/travis/build/PaulSchweizer/tinypipeline/code_docs/tinypipeline/.git/objects/4a
Searching for files in directory /home/travis/build/PaulSchweizer/tinypipeline/code_docs/tinypipeline/.git/objects/4b
Searching for files in directory /home/travis/build/PaulSchweizer/tinypipeline/code_docs/tinypipeline/.git/objects/4d
Searching for files in directory /home/travis/build/PaulSchweizer/tinypipeline/code_docs/tinypipeline/.git/objects/4f
Searching for files in directory /home/travis/build/PaulSchweizer/tinypipeline/code_docs/tinypipeline/.git/objects/56
Searching for files in directory /home/travis/build/PaulSchweizer/tinypipeline/code_docs/tinypipeline/.git/objects/5e
Searching for files in directory /home/travis/build/PaulSchweizer/tinypipeline/code_docs/tinypipeline/.git/objects/68
Searching for files in directory /home/travis/build/PaulSchweizer/tinypipeline/code_docs/tinypipeline/.git/objects/6d
Searching for files in directory /home/travis/build/PaulSchweizer/tinypipeline/code_docs/tinypipeline/.git/objects/73
Searching for files in directory /home/travis/build/PaulSchweizer/tinypipeline/code_docs/tinypipeline/.git/objects/75
Searching for files in directory /home/travis/build/PaulSchweizer/tinypipeline/code_docs/tinypipeline/.git/objects/77
Searching for files in directory /home/travis/build/PaulSchweizer/tinypipeline/code_docs/tinypipeline/.git/objects/78
Searching for files in directory /home/travis/build/PaulSchweizer/tinypipeline/code_docs/tinypipeline/.git/objects/81
Searching for files in directory /home/travis/build/PaulSchweizer/tinypipeline/code_docs/tinypipeline/.git/objects/82
Searching for files in directory /home/travis/build/PaulSchweizer/tinypipeline/code_docs/tinypipeline/.git/objects/84
Searching for files in directory /home/travis/build/PaulSchweizer/tinypipeline/code_docs/tinypipeline/.git/objects/85
Searching for files in directory /home/travis/build/PaulSchweizer/tinypipeline/code_docs/tinypipeline/.git/objects/8b
Searching for files in directory /home/travis/build/PaulSchweizer/tinypipeline/code_docs/tinypipeline/.git/objects/8e
Searching for files in directory /home/travis/build/PaulSchweizer/tinypipeline/code_docs/tinypipeline/.git/objects/97
Searching for files in directory /home/travis/build/PaulSchweizer/tinypipeline/code_docs/tinypipeline/.git/objects/9c
Searching for files in directory /home/travis/build/PaulSchweizer/tinypipeline/code_docs/tinypipeline/.git/objects/9e
Searching for files in directory /home/travis/build/PaulSchweizer/tinypipeline/code_docs/tinypipeline/.git/objects/a6
Searching for files in directory /home/travis/build/PaulSchweizer/tinypipeline/code_docs/tinypipeline/.git/objects/a8
Searching for files in directory /home/travis/build/PaulSchweizer/tinypipeline/code_docs/tinypipeline/.git/objects/b5
Searching for files in directory /home/travis/build/PaulSchweizer/tinypipeline/code_docs/tinypipeline/.git/objects/b8
Searching for files in directory /home/travis/build/PaulSchweizer/tinypipeline/code_docs/tinypipeline/.git/objects/bf
Searching for files in directory /home/travis/build/PaulSchweizer/tinypipeline/code_docs/tinypipeline/.git/objects/c3
Searching for files in directory /home/travis/build/PaulSchweizer/tinypipeline/code_docs/tinypipeline/.git/objects/c8
Searching for files in directory /home/travis/build/PaulSchweizer/tinypipeline/code_docs/tinypipeline/.git/objects/d5
Searching for files in directory /home/travis/build/PaulSchweizer/tinypipeline/code_docs/tinypipeline/.git/objects/db
Searching for files in directory /home/travis/build/PaulSchweizer/tinypipeline/code_docs/tinypipeline/.git/objects/dd
Searching for files in directory /home/travis/build/PaulSchweizer/tinypipeline/code_docs/tinypipeline/.git/objects/e6
Searching for files in directory /home/travis/build/PaulSchweizer/tinypipeline/code_docs/tinypipeline/.git/objects/e8
Searching for files in directory /home/travis/build/PaulSchweizer/tinypipeline/code_docs/tinypipeline/.git/objects/e9
Searching for files in directory /home/travis/build/PaulSchweizer/tinypipeline/code_docs/tinypipeline/.git/objects/f8
Searching for files in directory /home/travis/build/PaulSchweizer/tinypipeline/code_docs/tinypipeline/.git/objects/fd
Searching for files in directory /home/travis/build/PaulSchweizer/tinypipeline/code_docs/tinypipeline/.git/objects/ff
Searching for files in directory /home/travis/build/PaulSchweizer/tinypipeline/code_docs/tinypipeline/.git/objects/info
Searching for files in directory /home/travis/build/PaulSchweizer/tinypipeline/code_docs/tinypipeline/.git/objects/pack
Searching for files in directory /home/travis/build/PaulSchweizer/tinypipeline/code_docs/tinypipeline/.git/refs
Searching for files in directory /home/travis/build/PaulSchweizer/tinypipeline/code_docs/tinypipeline/.git/refs/heads
Searching for files in directory /home/travis/build/PaulSchweizer/tinypipeline/code_docs/tinypipeline/.git/refs/remotes
Searching for files in directory /home/travis/build/PaulSchweizer/tinypipeline/code_docs/tinypipeline/.git/refs/remotes/origin
Searching for files in directory /home/travis/build/PaulSchweizer/tinypipeline/code_docs/tinypipeline/.git/refs/tags
Searching for files to process...
Searching for files in directory /home/travis/build/PaulSchweizer/tinypipeline/tinypipeline
Searching for files in directory /home/travis/build/PaulSchweizer/tinypipeline/tinypipeline/core
Searching for files in directory /home/travis/build/PaulSchweizer/tinypipeline/tinypipeline/tools
Reading and parsing tag files
Reading /home/travis/build/PaulSchweizer/tinypipeline/tinypipeline/__init__.py...
Parsing file /home/travis/build/PaulSchweizer/tinypipeline/tinypipeline/__init__.py...
Reading /home/travis/build/PaulSchweizer/tinypipeline/tinypipeline/core/__init__.py...
Parsing file /home/travis/build/PaulSchweizer/tinypipeline/tinypipeline/core/__init__.py...
Reading /home/travis/build/PaulSchweizer/tinypipeline/tinypipeline/core/config.py...
Parsing file /home/travis/build/PaulSchweizer/tinypipeline/tinypipeline/core/config.py...
Reading /home/travis/build/PaulSchweizer/tinypipeline/tinypipeline/core/paths.py...
Parsing file /home/travis/build/PaulSchweizer/tinypipeline/tinypipeline/core/paths.py...
Reading /home/travis/build/PaulSchweizer/tinypipeline/tinypipeline/core/project.py...
Parsing file /home/travis/build/PaulSchweizer/tinypipeline/tinypipeline/core/project.py...
Reading /home/travis/build/PaulSchweizer/tinypipeline/tinypipeline/tools/__init__.py...
Parsing file /home/travis/build/PaulSchweizer/tinypipeline/tinypipeline/tools/__init__.py...
Reading /home/travis/build/PaulSchweizer/tinypipeline/tinypipeline/tools/projectcreator.py...
Parsing file /home/travis/build/PaulSchweizer/tinypipeline/tinypipeline/tools/projectcreator.py...
Building group list...
Building directory list...
Building namespace list...
Building file list...
Building class list...
Associating documentation with classes...
Computing nesting relations for classes...
Building example list...
Searching for enumerations...
Searching for documented typedefs...
Searching for members imported via using declarations...
Searching for included using directives...
Searching for documented variables...
Building member list...
Searching for friends...
Searching for documented defines...
Computing class inheritance relations...
Computing class usage relations...
Flushing cached template relations that have become invalid...
Creating members for template instances...
Computing class relations...
Add enum values to enums...
Searching for member function documentation...
Building page list...
Search for main page...
Computing page relations...
Determining the scope of groups...
Sorting lists...
Freeing entry tree
Determining which enums are documented
Computing member relations...
Building full member lists recursively...
Adding members to member groups.
Computing member references...
Inheriting documentation...
Generating disk names...
Adding source references...
Adding xrefitems...
Sorting member lists...
Generating citations page...
Counting data structures...
Resolving user defined references...
Finding anchors and sections in the documentation...
Combining using relations...
Adding members to index pages...
Generating style sheet...
Generating search indices...
Generating example documentation...
Generating file sources...
Generating file documentation...
Generating page documentation...
Generating group documentation...
Generating class documentation...
Generating namespace index...
Generating docs for namespace tinypipeline
Generating docs for namespace tinypipeline::core
Generating docs for namespace tinypipeline::core::config
Generating docs for namespace tinypipeline::core::paths
Generating docs for compound tinypipeline::core::paths::Paths...
Generating docs for namespace tinypipeline::core::project
Generating docs for compound tinypipeline::core::project::Project...
Generating docs for namespace tinypipeline::tools
Generating docs for namespace tinypipeline::tools::projectcreator
Generating docs for compound tinypipeline::tools::projectcreator::ProjectCreator...
Generating graph info page...
Generating index page...
Generating page index...
Generating module index...
Generating namespace index...
Generating namespace member index...
Generating annotated compound index...
Generating alphabetical compound index...
Generating hierarchical class index...
Generating member index...
Generating file index...
Generating file member index...
Generating example index...
finalizing index lists...
symbol cache used 17/65536 hits=485 misses=17
lookup cache used 22/65536 hits=35 misses=22
finished...
